0 info it worked if it ends with ok
1 verbose cli [ 'C:\\Program Files\\nodejs\\node.exe',
1 verbose cli   'C:\\Program Files\\nodejs\\node_modules\\npm\\bin\\npm-cli.js',
1 verbose cli   'install',
1 verbose cli   'path' ]
2 info using npm@2.15.5
3 info using node@v4.4.5
4 verbose install initial load of C:\Users\sheli\desktop\bootcamp\final-project-sg\up2measure\package.json
5 verbose installManyTop reading scoped package data from C:\Users\sheli\desktop\bootcamp\final-project-sg\up2measure\node_modules\babel\package.json
6 verbose installManyTop reading scoped package data from C:\Users\sheli\desktop\bootcamp\final-project-sg\up2measure\node_modules\body\package.json
7 verbose installManyTop reading scoped package data from C:\Users\sheli\desktop\bootcamp\final-project-sg\up2measure\node_modules\body-parser\package.json
8 verbose installManyTop reading scoped package data from C:\Users\sheli\desktop\bootcamp\final-project-sg\up2measure\node_modules\cheerio\package.json
9 verbose installManyTop reading scoped package data from C:\Users\sheli\desktop\bootcamp\final-project-sg\up2measure\node_modules\connect-flash\package.json
10 verbose installManyTop reading scoped package data from C:\Users\sheli\desktop\bootcamp\final-project-sg\up2measure\node_modules\express\package.json
11 verbose installManyTop reading scoped package data from C:\Users\sheli\desktop\bootcamp\final-project-sg\up2measure\node_modules\express-handlebars\package.json
12 verbose installManyTop reading scoped package data from C:\Users\sheli\desktop\bootcamp\final-project-sg\up2measure\node_modules\express-session\package.json
13 verbose installManyTop reading scoped package data from C:\Users\sheli\desktop\bootcamp\final-project-sg\up2measure\node_modules\firebase\package.json
14 verbose installManyTop reading scoped package data from C:\Users\sheli\desktop\bootcamp\final-project-sg\up2measure\node_modules\literallycanvas\package.json
15 verbose installManyTop reading scoped package data from C:\Users\sheli\desktop\bootcamp\final-project-sg\up2measure\node_modules\material-design-lite\package.json
16 verbose installManyTop reading scoped package data from C:\Users\sheli\desktop\bootcamp\final-project-sg\up2measure\node_modules\mongodb\package.json
17 verbose installManyTop reading scoped package data from C:\Users\sheli\desktop\bootcamp\final-project-sg\up2measure\node_modules\mongojs\package.json
18 verbose installManyTop reading scoped package data from C:\Users\sheli\desktop\bootcamp\final-project-sg\up2measure\node_modules\mysql\package.json
19 verbose installManyTop reading scoped package data from C:\Users\sheli\desktop\bootcamp\final-project-sg\up2measure\node_modules\package\package.json
20 verbose installManyTop reading scoped package data from C:\Users\sheli\desktop\bootcamp\final-project-sg\up2measure\node_modules\parser\package.json
21 verbose installManyTop reading scoped package data from C:\Users\sheli\desktop\bootcamp\final-project-sg\up2measure\node_modules\passport\package.json
22 verbose installManyTop reading scoped package data from C:\Users\sheli\desktop\bootcamp\final-project-sg\up2measure\node_modules\passport-auth0\package.json
23 verbose installManyTop reading scoped package data from C:\Users\sheli\desktop\bootcamp\final-project-sg\up2measure\node_modules\passport-local\package.json
24 verbose installManyTop reading scoped package data from C:\Users\sheli\desktop\bootcamp\final-project-sg\up2measure\node_modules\path\package.json
25 verbose installManyTop reading scoped package data from C:\Users\sheli\desktop\bootcamp\final-project-sg\up2measure\node_modules\react\package.json
26 verbose installManyTop reading scoped package data from C:\Users\sheli\desktop\bootcamp\final-project-sg\up2measure\node_modules\react-dom\package.json
27 verbose installManyTop reading scoped package data from C:\Users\sheli\desktop\bootcamp\final-project-sg\up2measure\node_modules\react-router\package.json
28 verbose installManyTop reading scoped package data from C:\Users\sheli\desktop\bootcamp\final-project-sg\up2measure\node_modules\request\package.json
29 verbose installManyTop reading scoped package data from C:\Users\sheli\desktop\bootcamp\final-project-sg\up2measure\node_modules\webpack\package.json
30 info package.json connect-flash@0.1.1 No license field.
31 info package.json parser@0.1.4 No license field.
32 info package.json package@1.0.1 No license field.
33 info package.json path@0.12.7 path is also the name of a node core module.
34 info package.json passport-local@1.0.0 No license field.
35 info package.json body@5.1.0 No license field.
36 info package.json firebase@3.3.0 No license field.
37 verbose readDependencies loading dependencies from C:\Users\sheli\desktop\bootcamp\final-project-sg\up2measure\package.json
38 verbose install path is installed as 0.12.7
39 silly cache add args [ 'path', null ]
40 verbose cache add spec path
41 silly cache add parsed spec Result {
41 silly cache add   raw: 'path',
41 silly cache add   scope: null,
41 silly cache add   name: 'path',
41 silly cache add   rawSpec: '',
41 silly cache add   spec: 'latest',
41 silly cache add   type: 'tag' }
42 silly addNamed path@latest
43 verbose addNamed "latest" is being treated as a dist-tag for path
44 info addNameTag [ 'path', 'latest' ]
45 silly mapToRegistry name path
46 silly mapToRegistry using default registry
47 silly mapToRegistry registry https://registry.npmjs.org/
48 silly mapToRegistry data Result {
48 silly mapToRegistry   raw: 'path',
48 silly mapToRegistry   scope: null,
48 silly mapToRegistry   name: 'path',
48 silly mapToRegistry   rawSpec: '',
48 silly mapToRegistry   spec: 'latest',
48 silly mapToRegistry   type: 'tag' }
49 silly mapToRegistry uri https://registry.npmjs.org/path
50 verbose addNameTag registry:https://registry.npmjs.org/path not in flight; fetching
51 verbose request uri https://registry.npmjs.org/path
52 verbose request no auth needed
53 info attempt registry request try #1 at 4:29:13 PM
54 verbose request id df365bc644715b8d
55 verbose etag "4JQE1RAPW05S434HJX5JHMPOB"
56 http request GET https://registry.npmjs.org/path
57 http 304 https://registry.npmjs.org/path
58 verbose headers { date: 'Wed, 07 Sep 2016 20:29:06 GMT',
58 verbose headers   via: '1.1 varnish',
58 verbose headers   'cache-control': 'max-age=300',
58 verbose headers   etag: '"4JQE1RAPW05S434HJX5JHMPOB"',
58 verbose headers   age: '15',
58 verbose headers   connection: 'keep-alive',
58 verbose headers   'x-served-by': 'cache-atl6243-ATL',
58 verbose headers   'x-cache': 'HIT',
58 verbose headers   'x-cache-hits': '1',
58 verbose headers   'x-timer': 'S1473280146.012505,VS0,VE0',
58 verbose headers   vary: 'Accept-Encoding' }
59 silly get cb [ 304,
59 silly get   { date: 'Wed, 07 Sep 2016 20:29:06 GMT',
59 silly get     via: '1.1 varnish',
59 silly get     'cache-control': 'max-age=300',
59 silly get     etag: '"4JQE1RAPW05S434HJX5JHMPOB"',
59 silly get     age: '15',
59 silly get     connection: 'keep-alive',
59 silly get     'x-served-by': 'cache-atl6243-ATL',
59 silly get     'x-cache': 'HIT',
59 silly get     'x-cache-hits': '1',
59 silly get     'x-timer': 'S1473280146.012505,VS0,VE0',
59 silly get     vary: 'Accept-Encoding' } ]
60 verbose etag https://registry.npmjs.org/path from cache
61 verbose get saving path to C:\Users\sheli\AppData\Roaming\npm-cache\registry.npmjs.org\path\.cache.json
62 verbose correctMkdir C:\Users\sheli\AppData\Roaming\npm-cache correctMkdir not in flight; initializing
63 silly addNameTag next cb for path with tag latest
64 silly addNamed path@0.12.7
65 verbose addNamed "0.12.7" is a plain semver version for path
66 silly cache afterAdd path@0.12.7
67 verbose afterAdd C:\Users\sheli\AppData\Roaming\npm-cache\path\0.12.7\package\package.json not in flight; writing
68 verbose correctMkdir C:\Users\sheli\AppData\Roaming\npm-cache correctMkdir not in flight; initializing
69 verbose afterAdd C:\Users\sheli\AppData\Roaming\npm-cache\path\0.12.7\package\package.json written
70 silly install resolved [ { author: { name: 'Joyent', url: 'http://www.joyent.com' },
70 silly install resolved     name: 'path',
70 silly install resolved     description: 'Node.JS path module',
70 silly install resolved     keywords: [ 'ender', 'path' ],
70 silly install resolved     license: 'MIT',
70 silly install resolved     version: '0.12.7',
70 silly install resolved     homepage: 'http://nodejs.org/docs/latest/api/path.html',
70 silly install resolved     repository: { type: 'git', url: 'git://github.com/jinder/path.git' },
70 silly install resolved     main: './path.js',
70 silly install resolved     dependencies: { process: '^0.11.1', util: '^0.10.3' },
70 silly install resolved     gitHead: '7fbaede3ca9d224494cbdd47d7ca803ee96d2055',
70 silly install resolved     bugs: { url: 'https://github.com/jinder/path/issues' },
70 silly install resolved     _id: 'path@0.12.7',
70 silly install resolved     scripts: {},
70 silly install resolved     _shasum: 'd4dc2a506c4ce2197eb481ebfcd5b36c0140b10f',
70 silly install resolved     _from: 'path@latest',
70 silly install resolved     _npmVersion: '2.11.3',
70 silly install resolved     _nodeVersion: '0.12.7',
70 silly install resolved     _npmUser: { name: 'jinder', email: 'jindersidhu@gmail.com' },
70 silly install resolved     dist:
70 silly install resolved      { shasum: 'd4dc2a506c4ce2197eb481ebfcd5b36c0140b10f',
70 silly install resolved        tarball: 'https://registry.npmjs.org/path/-/path-0.12.7.tgz' },
70 silly install resolved     maintainers: [ [Object], [Object], [Object] ],
70 silly install resolved     directories: {},
70 silly install resolved     _resolved: 'https://registry.npmjs.org/path/-/path-0.12.7.tgz',
70 silly install resolved     readme: 'ERROR: No README data found!' } ]
71 info install path@0.12.7 into C:\Users\sheli\desktop\bootcamp\final-project-sg\up2measure
72 info installOne path@0.12.7
73 verbose installOne of path to C:\Users\sheli\desktop\bootcamp\final-project-sg\up2measure not in flight; installing
74 verbose correctMkdir C:\Users\sheli\AppData\Roaming\npm-cache\_locks correctMkdir not in flight; initializing
75 verbose lock using C:\Users\sheli\AppData\Roaming\npm-cache\_locks\path-b717cd78acc3f51a.lock for C:\Users\sheli\desktop\bootcamp\final-project-sg\up2measure\node_modules\path
76 silly install write writing path 0.12.7 to C:\Users\sheli\desktop\bootcamp\final-project-sg\up2measure\node_modules\path
77 verbose unbuild node_modules\path
78 info preuninstall path@0.12.7
79 info uninstall path@0.12.7
80 verbose unbuild rmStuff path@0.12.7 from C:\Users\sheli\desktop\bootcamp\final-project-sg\up2measure\node_modules
81 info postuninstall path@0.12.7
82 silly gentlyRm C:\Users\sheli\desktop\bootcamp\final-project-sg\up2measure\node_modules\path is being purged from base C:\Users\sheli\desktop\bootcamp\final-project-sg\up2measure
83 verbose gentlyRm don't care about contents; nuking C:\Users\sheli\desktop\bootcamp\final-project-sg\up2measure\node_modules\path
84 silly vacuum-fs purging C:\Users\sheli\desktop\bootcamp\final-project-sg\up2measure\node_modules\path
85 silly vacuum-fs quitting because other entries in C:\Users\sheli\desktop\bootcamp\final-project-sg\up2measure\node_modules
86 verbose tar unpack C:\Users\sheli\AppData\Roaming\npm-cache\path\0.12.7\package.tgz
87 verbose tar unpacking to C:\Users\sheli\desktop\bootcamp\final-project-sg\up2measure\node_modules\path
88 silly gentlyRm C:\Users\sheli\desktop\bootcamp\final-project-sg\up2measure\node_modules\path is being purged
89 verbose gentlyRm don't care about contents; nuking C:\Users\sheli\desktop\bootcamp\final-project-sg\up2measure\node_modules\path
90 silly gunzTarPerm modes [ '777', '666' ]
91 silly gunzTarPerm extractEntry package.json
92 silly gunzTarPerm extractEntry .npmignore
93 silly gunzTarPerm extractEntry README.md
94 silly gunzTarPerm extractEntry LICENSE
95 silly gunzTarPerm extractEntry path.js
96 verbose write writing to C:\Users\sheli\desktop\bootcamp\final-project-sg\up2measure\node_modules\path\package.json
97 info preinstall path@0.12.7
98 verbose readDependencies loading dependencies from C:\Users\sheli\desktop\bootcamp\final-project-sg\up2measure\node_modules\path\package.json
99 silly prepareForInstallMany adding process@^0.11.1 from path dependencies
100 silly prepareForInstallMany adding util@^0.10.3 from path dependencies
101 verbose readDependencies loading dependencies from C:\Users\sheli\desktop\bootcamp\final-project-sg\up2measure\node_modules\path\package.json
102 silly cache add args [ 'util@^0.10.3', null ]
103 verbose cache add spec util@^0.10.3
104 silly cache add parsed spec Result {
104 silly cache add   raw: 'util@^0.10.3',
104 silly cache add   scope: null,
104 silly cache add   name: 'util',
104 silly cache add   rawSpec: '^0.10.3',
104 silly cache add   spec: '>=0.10.3 <0.11.0',
104 silly cache add   type: 'range' }
105 silly addNamed util@>=0.10.3 <0.11.0
106 verbose addNamed ">=0.10.3 <0.11.0" is a valid semver range for util
107 silly addNameRange { name: 'util', range: '>=0.10.3 <0.11.0', hasData: false }
108 silly mapToRegistry name util
109 silly mapToRegistry using default registry
110 silly mapToRegistry registry https://registry.npmjs.org/
111 silly mapToRegistry data Result {
111 silly mapToRegistry   raw: 'util',
111 silly mapToRegistry   scope: null,
111 silly mapToRegistry   name: 'util',
111 silly mapToRegistry   rawSpec: '',
111 silly mapToRegistry   spec: 'latest',
111 silly mapToRegistry   type: 'tag' }
112 silly mapToRegistry uri https://registry.npmjs.org/util
113 verbose addNameRange registry:https://registry.npmjs.org/util not in flight; fetching
114 silly cache add args [ 'process@^0.11.1', null ]
115 verbose cache add spec process@^0.11.1
116 silly cache add parsed spec Result {
116 silly cache add   raw: 'process@^0.11.1',
116 silly cache add   scope: null,
116 silly cache add   name: 'process',
116 silly cache add   rawSpec: '^0.11.1',
116 silly cache add   spec: '>=0.11.1 <0.12.0',
116 silly cache add   type: 'range' }
117 silly addNamed process@>=0.11.1 <0.12.0
118 verbose addNamed ">=0.11.1 <0.12.0" is a valid semver range for process
119 silly addNameRange { name: 'process', range: '>=0.11.1 <0.12.0', hasData: false }
120 silly mapToRegistry name process
121 silly mapToRegistry using default registry
122 silly mapToRegistry registry https://registry.npmjs.org/
123 silly mapToRegistry data Result {
123 silly mapToRegistry   raw: 'process',
123 silly mapToRegistry   scope: null,
123 silly mapToRegistry   name: 'process',
123 silly mapToRegistry   rawSpec: '',
123 silly mapToRegistry   spec: 'latest',
123 silly mapToRegistry   type: 'tag' }
124 silly mapToRegistry uri https://registry.npmjs.org/process
125 verbose addNameRange registry:https://registry.npmjs.org/process not in flight; fetching
126 verbose request uri https://registry.npmjs.org/util
127 verbose request no auth needed
128 info attempt registry request try #1 at 4:29:13 PM
129 verbose etag "5ODMFF3IZ7TWOWBUN6M2XQ4LQ"
130 http request GET https://registry.npmjs.org/util
131 verbose request uri https://registry.npmjs.org/process
132 verbose request no auth needed
133 info attempt registry request try #1 at 4:29:13 PM
134 verbose etag "3W5BE3A9F4PA7FHL7205XA4GX"
135 http request GET https://registry.npmjs.org/process
136 http 304 https://registry.npmjs.org/process
137 verbose headers { date: 'Wed, 07 Sep 2016 20:29:06 GMT',
137 verbose headers   via: '1.1 varnish',
137 verbose headers   'cache-control': 'max-age=300',
137 verbose headers   etag: '"3W5BE3A9F4PA7FHL7205XA4GX"',
137 verbose headers   age: '210',
137 verbose headers   connection: 'keep-alive',
137 verbose headers   'x-served-by': 'cache-atl6243-ATL',
137 verbose headers   'x-cache': 'HIT',
137 verbose headers   'x-cache-hits': '2',
137 verbose headers   'x-timer': 'S1473280146.433977,VS0,VE0',
137 verbose headers   vary: 'Accept-Encoding' }
138 silly get cb [ 304,
138 silly get   { date: 'Wed, 07 Sep 2016 20:29:06 GMT',
138 silly get     via: '1.1 varnish',
138 silly get     'cache-control': 'max-age=300',
138 silly get     etag: '"3W5BE3A9F4PA7FHL7205XA4GX"',
138 silly get     age: '210',
138 silly get     connection: 'keep-alive',
138 silly get     'x-served-by': 'cache-atl6243-ATL',
138 silly get     'x-cache': 'HIT',
138 silly get     'x-cache-hits': '2',
138 silly get     'x-timer': 'S1473280146.433977,VS0,VE0',
138 silly get     vary: 'Accept-Encoding' } ]
139 verbose etag https://registry.npmjs.org/process from cache
140 verbose get saving process to C:\Users\sheli\AppData\Roaming\npm-cache\registry.npmjs.org\process\.cache.json
141 verbose correctMkdir C:\Users\sheli\AppData\Roaming\npm-cache correctMkdir not in flight; initializing
142 silly addNameRange number 2 { name: 'process', range: '>=0.11.1 <0.12.0', hasData: true }
143 silly addNameRange versions [ 'process',
143 silly addNameRange   [ '0.4.9',
143 silly addNameRange     '0.5.0',
143 silly addNameRange     '0.5.1',
143 silly addNameRange     '0.5.2',
143 silly addNameRange     '0.6.0',
143 silly addNameRange     '0.7.0',
143 silly addNameRange     '0.8.0',
143 silly addNameRange     '0.9.0',
143 silly addNameRange     '0.10.0',
143 silly addNameRange     '0.10.1',
143 silly addNameRange     '0.11.0',
143 silly addNameRange     '0.11.1',
143 silly addNameRange     '0.11.2',
143 silly addNameRange     '0.11.3',
143 silly addNameRange     '0.11.4',
143 silly addNameRange     '0.11.5',
143 silly addNameRange     '0.11.6',
143 silly addNameRange     '0.11.7',
143 silly addNameRange     '0.11.8',
143 silly addNameRange     '0.11.9' ] ]
144 silly addNamed process@0.11.9
145 verbose addNamed "0.11.9" is a plain semver version for process
146 silly cache afterAdd process@0.11.9
147 verbose afterAdd C:\Users\sheli\AppData\Roaming\npm-cache\process\0.11.9\package\package.json not in flight; writing
148 verbose correctMkdir C:\Users\sheli\AppData\Roaming\npm-cache correctMkdir not in flight; initializing
149 verbose afterAdd C:\Users\sheli\AppData\Roaming\npm-cache\process\0.11.9\package\package.json written
150 http 304 https://registry.npmjs.org/util
151 verbose headers { date: 'Wed, 07 Sep 2016 20:29:06 GMT',
151 verbose headers   via: '1.1 varnish',
151 verbose headers   'cache-control': 'max-age=300',
151 verbose headers   etag: '"5ODMFF3IZ7TWOWBUN6M2XQ4LQ"',
151 verbose headers   age: '0',
151 verbose headers   connection: 'keep-alive',
151 verbose headers   'x-served-by': 'cache-atl6243-ATL',
151 verbose headers   'x-cache': 'HIT',
151 verbose headers   'x-cache-hits': '1',
151 verbose headers   'x-timer': 'S1473280146.343702,VS0,VE169',
151 verbose headers   vary: 'Accept-Encoding' }
152 silly get cb [ 304,
152 silly get   { date: 'Wed, 07 Sep 2016 20:29:06 GMT',
152 silly get     via: '1.1 varnish',
152 silly get     'cache-control': 'max-age=300',
152 silly get     etag: '"5ODMFF3IZ7TWOWBUN6M2XQ4LQ"',
152 silly get     age: '0',
152 silly get     connection: 'keep-alive',
152 silly get     'x-served-by': 'cache-atl6243-ATL',
152 silly get     'x-cache': 'HIT',
152 silly get     'x-cache-hits': '1',
152 silly get     'x-timer': 'S1473280146.343702,VS0,VE169',
152 silly get     vary: 'Accept-Encoding' } ]
153 verbose etag https://registry.npmjs.org/util from cache
154 verbose get saving util to C:\Users\sheli\AppData\Roaming\npm-cache\registry.npmjs.org\util\.cache.json
155 verbose correctMkdir C:\Users\sheli\AppData\Roaming\npm-cache correctMkdir not in flight; initializing
156 silly addNameRange number 2 { name: 'util', range: '>=0.10.3 <0.11.0', hasData: true }
157 silly addNameRange versions [ 'util', [ '0.4.9', '0.10.0', '0.10.1', '0.10.2', '0.10.3' ] ]
158 silly addNamed util@0.10.3
159 verbose addNamed "0.10.3" is a plain semver version for util
160 silly cache afterAdd util@0.10.3
161 verbose afterAdd C:\Users\sheli\AppData\Roaming\npm-cache\util\0.10.3\package\package.json not in flight; writing
162 verbose correctMkdir C:\Users\sheli\AppData\Roaming\npm-cache correctMkdir not in flight; initializing
163 verbose afterAdd C:\Users\sheli\AppData\Roaming\npm-cache\util\0.10.3\package\package.json written
164 silly install resolved [ { author: { name: 'Roman Shtylman', email: 'shtylman@gmail.com' },
164 silly install resolved     name: 'process',
164 silly install resolved     description: 'process information for node.js and browsers',
164 silly install resolved     keywords: [ 'process' ],
164 silly install resolved     scripts:
164 silly install resolved      { test: 'mocha test.js',
164 silly install resolved        browser: 'zuul --no-coverage --ui mocha-bdd --local 8080 -- test.js' },
164 silly install resolved     version: '0.11.9',
164 silly install resolved     repository:
164 silly install resolved      { type: 'git',
164 silly install resolved        url: 'git://github.com/shtylman/node-process.git' },
164 silly install resolved     license: 'MIT',
164 silly install resolved     browser: './browser.js',
164 silly install resolved     main: './index.js',
164 silly install resolved     engines: { node: '>= 0.6.0' },
164 silly install resolved     devDependencies: { mocha: '2.2.1', zuul: '^3.10.3' },
164 silly install resolved     gitHead: '7d8c3702a8bbc43fa55f4bab74b150aef37001dd',
164 silly install resolved     bugs: { url: 'https://github.com/shtylman/node-process/issues' },
164 silly install resolved     _id: 'process@0.11.9',
164 silly install resolved     _shasum: '7bd5ad21aa6253e7da8682264f1e11d11c0318c1',
164 silly install resolved     _from: 'process@>=0.11.1 <0.12.0',
164 silly install resolved     _npmVersion: '3.8.6',
164 silly install resolved     _nodeVersion: '5.12.0',
164 silly install resolved     _npmUser: { name: 'cwmma', email: 'calvin.metcalf@gmail.com' },
164 silly install resolved     dist:
164 silly install resolved      { shasum: '7bd5ad21aa6253e7da8682264f1e11d11c0318c1',
164 silly install resolved        tarball: 'https://registry.npmjs.org/process/-/process-0.11.9.tgz' },
164 silly install resolved     maintainers: [ [Object], [Object], [Object] ],
164 silly install resolved     _npmOperationalInternal:
164 silly install resolved      { host: 'packages-16-east.internal.npmjs.com',
164 silly install resolved        tmp: 'tmp/process-0.11.9.tgz_1472587751718_0.8843140550889075' },
164 silly install resolved     directories: {},
164 silly install resolved     _resolved: 'https://registry.npmjs.org/process/-/process-0.11.9.tgz',
164 silly install resolved     readme: 'ERROR: No README data found!',
164 silly install resolved     homepage: 'https://github.com/shtylman/node-process#readme' },
164 silly install resolved   { author: { name: 'Joyent', url: 'http://www.joyent.com' },
164 silly install resolved     name: 'util',
164 silly install resolved     description: 'Node.JS util module',
164 silly install resolved     keywords: [ 'util' ],
164 silly install resolved     version: '0.10.3',
164 silly install resolved     homepage: 'https://github.com/defunctzombie/node-util',
164 silly install resolved     repository:
164 silly install resolved      { type: 'git',
164 silly install resolved        url: 'git://github.com/defunctzombie/node-util.git' },
164 silly install resolved     main: './util.js',
164 silly install resolved     scripts: { test: 'node test/node/*.js && zuul test/browser/*.js' },
164 silly install resolved     dependencies: { inherits: '2.0.1' },
164 silly install resolved     license: 'MIT',
164 silly install resolved     devDependencies: { zuul: '~1.0.9' },
164 silly install resolved     browser: { './support/isBuffer.js': './support/isBufferBrowser.js' },
164 silly install resolved     bugs: { url: 'https://github.com/defunctzombie/node-util/issues' },
164 silly install resolved     _id: 'util@0.10.3',
164 silly install resolved     dist:
164 silly install resolved      { shasum: '7afb1afe50805246489e3db7fe0ed379336ac0f9',
164 silly install resolved        tarball: 'https://registry.npmjs.org/util/-/util-0.10.3.tgz' },
164 silly install resolved     _from: 'util@>=0.10.3 <0.11.0',
164 silly install resolved     _npmVersion: '1.3.24',
164 silly install resolved     _npmUser: { name: 'shtylman', email: 'shtylman@gmail.com' },
164 silly install resolved     maintainers: [ [Object] ],
164 silly install resolved     directories: {},
164 silly install resolved     _shasum: '7afb1afe50805246489e3db7fe0ed379336ac0f9',
164 silly install resolved     _resolved: 'https://registry.npmjs.org/util/-/util-0.10.3.tgz',
164 silly install resolved     readme: 'ERROR: No README data found!' } ]
165 info install process@0.11.9 into C:\Users\sheli\desktop\bootcamp\final-project-sg\up2measure\node_modules\path
166 info install util@0.10.3 into C:\Users\sheli\desktop\bootcamp\final-project-sg\up2measure\node_modules\path
167 info installOne process@0.11.9
168 verbose installOne of process to C:\Users\sheli\desktop\bootcamp\final-project-sg\up2measure\node_modules\path not in flight; installing
169 verbose correctMkdir C:\Users\sheli\AppData\Roaming\npm-cache\_locks correctMkdir not in flight; initializing
170 info installOne util@0.10.3
171 verbose installOne of util to C:\Users\sheli\desktop\bootcamp\final-project-sg\up2measure\node_modules\path not in flight; installing
172 verbose correctMkdir C:\Users\sheli\AppData\Roaming\npm-cache\_locks correctMkdir not in flight; initializing
173 verbose lock using C:\Users\sheli\AppData\Roaming\npm-cache\_locks\util-324bd77e335678d0.lock for C:\Users\sheli\desktop\bootcamp\final-project-sg\up2measure\node_modules\path\node_modules\util
174 verbose lock using C:\Users\sheli\AppData\Roaming\npm-cache\_locks\process-0f72a96b712707e6.lock for C:\Users\sheli\desktop\bootcamp\final-project-sg\up2measure\node_modules\path\node_modules\process
175 silly install write writing util 0.10.3 to C:\Users\sheli\desktop\bootcamp\final-project-sg\up2measure\node_modules\path\node_modules\util
176 silly install write writing process 0.11.9 to C:\Users\sheli\desktop\bootcamp\final-project-sg\up2measure\node_modules\path\node_modules\process
177 verbose unbuild node_modules\path\node_modules\util
178 verbose unbuild node_modules\path\node_modules\process
179 silly gentlyRm C:\Users\sheli\desktop\bootcamp\final-project-sg\up2measure\node_modules\path\node_modules\util is being purged from base C:\Users\sheli\desktop\bootcamp\final-project-sg\up2measure
180 verbose gentlyRm don't care about contents; nuking C:\Users\sheli\desktop\bootcamp\final-project-sg\up2measure\node_modules\path\node_modules\util
181 silly gentlyRm C:\Users\sheli\desktop\bootcamp\final-project-sg\up2measure\node_modules\path\node_modules\process is being purged from base C:\Users\sheli\desktop\bootcamp\final-project-sg\up2measure
182 verbose gentlyRm don't care about contents; nuking C:\Users\sheli\desktop\bootcamp\final-project-sg\up2measure\node_modules\path\node_modules\process
183 verbose tar unpack C:\Users\sheli\AppData\Roaming\npm-cache\util\0.10.3\package.tgz
184 verbose tar unpacking to C:\Users\sheli\desktop\bootcamp\final-project-sg\up2measure\node_modules\path\node_modules\util
185 silly gentlyRm C:\Users\sheli\desktop\bootcamp\final-project-sg\up2measure\node_modules\path\node_modules\util is being purged
186 verbose gentlyRm don't care about contents; nuking C:\Users\sheli\desktop\bootcamp\final-project-sg\up2measure\node_modules\path\node_modules\util
187 verbose tar unpack C:\Users\sheli\AppData\Roaming\npm-cache\process\0.11.9\package.tgz
188 verbose tar unpacking to C:\Users\sheli\desktop\bootcamp\final-project-sg\up2measure\node_modules\path\node_modules\process
189 silly gentlyRm C:\Users\sheli\desktop\bootcamp\final-project-sg\up2measure\node_modules\path\node_modules\process is being purged
190 verbose gentlyRm don't care about contents; nuking C:\Users\sheli\desktop\bootcamp\final-project-sg\up2measure\node_modules\path\node_modules\process
191 silly gunzTarPerm modes [ '777', '666' ]
192 silly gunzTarPerm modes [ '777', '666' ]
193 silly gunzTarPerm extractEntry package.json
194 silly gunzTarPerm modified mode [ 'package.json', 420, 438 ]
195 silly gunzTarPerm extractEntry package.json
196 silly gunzTarPerm modified mode [ 'package.json', 420, 438 ]
197 silly gunzTarPerm extractEntry .npmignore
198 silly gunzTarPerm modified mode [ '.npmignore', 420, 438 ]
199 silly gunzTarPerm extractEntry README.md
200 silly gunzTarPerm modified mode [ 'README.md', 420, 438 ]
201 silly gunzTarPerm extractEntry README.md
202 silly gunzTarPerm modified mode [ 'README.md', 420, 438 ]
203 silly gunzTarPerm extractEntry LICENSE
204 silly gunzTarPerm modified mode [ 'LICENSE', 420, 438 ]
205 silly gunzTarPerm extractEntry LICENSE
206 silly gunzTarPerm modified mode [ 'LICENSE', 420, 438 ]
207 silly gunzTarPerm extractEntry util.js
208 silly gunzTarPerm modified mode [ 'util.js', 420, 438 ]
209 silly gunzTarPerm extractEntry browser.js
210 silly gunzTarPerm modified mode [ 'browser.js', 420, 438 ]
211 silly gunzTarPerm extractEntry index.js
212 silly gunzTarPerm modified mode [ 'index.js', 420, 438 ]
213 silly gunzTarPerm extractEntry .travis.yml
214 silly gunzTarPerm modified mode [ '.travis.yml', 420, 438 ]
215 silly gunzTarPerm extractEntry test.js
216 silly gunzTarPerm modified mode [ 'test.js', 420, 438 ]
217 silly gunzTarPerm extractEntry .eslintrc
218 silly gunzTarPerm modified mode [ '.eslintrc', 420, 438 ]
219 silly gunzTarPerm extractEntry .zuul.yml
220 silly gunzTarPerm modified mode [ '.zuul.yml', 420, 438 ]
221 silly gunzTarPerm extractEntry support/isBuffer.js
222 silly gunzTarPerm modified mode [ 'support/isBuffer.js', 420, 438 ]
223 silly gunzTarPerm extractEntry support/isBufferBrowser.js
224 silly gunzTarPerm modified mode [ 'support/isBufferBrowser.js', 420, 438 ]
225 silly gunzTarPerm extractEntry test/browser/inspect.js
226 silly gunzTarPerm modified mode [ 'test/browser/inspect.js', 420, 438 ]
227 silly gunzTarPerm extractEntry test/browser/is.js
228 silly gunzTarPerm modified mode [ 'test/browser/is.js', 420, 438 ]
229 silly gunzTarPerm extractEntry test/node/debug.js
230 silly gunzTarPerm modified mode [ 'test/node/debug.js', 420, 438 ]
231 silly gunzTarPerm extractEntry test/node/format.js
232 silly gunzTarPerm modified mode [ 'test/node/format.js', 420, 438 ]
233 silly gunzTarPerm extractEntry test/node/inspect.js
234 silly gunzTarPerm modified mode [ 'test/node/inspect.js', 420, 438 ]
235 silly gunzTarPerm extractEntry test/node/log.js
236 silly gunzTarPerm modified mode [ 'test/node/log.js', 420, 438 ]
237 silly gunzTarPerm extractEntry test/node/util.js
238 silly gunzTarPerm modified mode [ 'test/node/util.js', 420, 438 ]
239 verbose write writing to C:\Users\sheli\desktop\bootcamp\final-project-sg\up2measure\node_modules\path\node_modules\process\package.json
240 info preinstall process@0.11.9
241 verbose readDependencies loading dependencies from C:\Users\sheli\desktop\bootcamp\final-project-sg\up2measure\node_modules\path\node_modules\process\package.json
242 verbose readDependencies loading dependencies from C:\Users\sheli\desktop\bootcamp\final-project-sg\up2measure\node_modules\path\node_modules\process\package.json
243 silly install resolved []
244 verbose about to build C:\Users\sheli\desktop\bootcamp\final-project-sg\up2measure\node_modules\path\node_modules\process
245 info build C:\Users\sheli\desktop\bootcamp\final-project-sg\up2measure\node_modules\path\node_modules\process
246 info linkStuff process@0.11.9
247 silly linkStuff process@0.11.9 has C:\Users\sheli\desktop\bootcamp\final-project-sg\up2measure\node_modules\path\node_modules as its parent node_modules
248 verbose linkBins process@0.11.9
249 verbose linkMans process@0.11.9
250 verbose rebuildBundles process@0.11.9
251 info install process@0.11.9
252 info postinstall process@0.11.9
253 verbose unlock done using C:\Users\sheli\AppData\Roaming\npm-cache\_locks\process-0f72a96b712707e6.lock for C:\Users\sheli\desktop\bootcamp\final-project-sg\up2measure\node_modules\path\node_modules\process
254 verbose write writing to C:\Users\sheli\desktop\bootcamp\final-project-sg\up2measure\node_modules\path\node_modules\util\package.json
255 info preinstall util@0.10.3
256 verbose readDependencies loading dependencies from C:\Users\sheli\desktop\bootcamp\final-project-sg\up2measure\node_modules\path\node_modules\util\package.json
257 silly prepareForInstallMany adding inherits@2.0.1 from util dependencies
258 verbose readDependencies loading dependencies from C:\Users\sheli\desktop\bootcamp\final-project-sg\up2measure\node_modules\path\node_modules\util\package.json
259 silly cache add args [ 'inherits@2.0.1', null ]
260 verbose cache add spec inherits@2.0.1
261 silly cache add parsed spec Result {
261 silly cache add   raw: 'inherits@2.0.1',
261 silly cache add   scope: null,
261 silly cache add   name: 'inherits',
261 silly cache add   rawSpec: '2.0.1',
261 silly cache add   spec: '2.0.1',
261 silly cache add   type: 'version' }
262 silly addNamed inherits@2.0.1
263 verbose addNamed "2.0.1" is a plain semver version for inherits
264 silly mapToRegistry name inherits
265 silly mapToRegistry using default registry
266 silly mapToRegistry registry https://registry.npmjs.org/
267 silly mapToRegistry data Result {
267 silly mapToRegistry   raw: 'inherits',
267 silly mapToRegistry   scope: null,
267 silly mapToRegistry   name: 'inherits',
267 silly mapToRegistry   rawSpec: '',
267 silly mapToRegistry   spec: 'latest',
267 silly mapToRegistry   type: 'tag' }
268 silly mapToRegistry uri https://registry.npmjs.org/inherits
269 verbose addNameVersion registry:https://registry.npmjs.org/inherits not in flight; fetching
270 verbose request uri https://registry.npmjs.org/inherits
271 verbose request no auth needed
272 info attempt registry request try #1 at 4:29:14 PM
273 verbose etag "CPAOWZQDPIWNTXCBU6N57NOBB"
274 http request GET https://registry.npmjs.org/inherits
275 http 200 https://registry.npmjs.org/inherits
276 verbose headers { server: 'CouchDB/1.5.0 (Erlang OTP/R16B03)',
276 verbose headers   etag: '"AIMGFM7JTYC83TF2Q87XBRNET"',
276 verbose headers   'content-type': 'application/json',
276 verbose headers   'content-encoding': 'gzip',
276 verbose headers   'cache-control': 'max-age=300',
276 verbose headers   'content-length': '2376',
276 verbose headers   'accept-ranges': 'bytes',
276 verbose headers   date: 'Wed, 07 Sep 2016 20:29:06 GMT',
276 verbose headers   via: '1.1 varnish',
276 verbose headers   age: '164',
276 verbose headers   connection: 'keep-alive',
276 verbose headers   'x-served-by': 'cache-atl6243-ATL',
276 verbose headers   'x-cache': 'HIT',
276 verbose headers   'x-cache-hits': '10',
276 verbose headers   'x-timer': 'S1473280146.735167,VS0,VE0',
276 verbose headers   vary: 'Accept-Encoding' }
277 silly get cb [ 200,
277 silly get   { server: 'CouchDB/1.5.0 (Erlang OTP/R16B03)',
277 silly get     etag: '"AIMGFM7JTYC83TF2Q87XBRNET"',
277 silly get     'content-type': 'application/json',
277 silly get     'content-encoding': 'gzip',
277 silly get     'cache-control': 'max-age=300',
277 silly get     'content-length': '2376',
277 silly get     'accept-ranges': 'bytes',
277 silly get     date: 'Wed, 07 Sep 2016 20:29:06 GMT',
277 silly get     via: '1.1 varnish',
277 silly get     age: '164',
277 silly get     connection: 'keep-alive',
277 silly get     'x-served-by': 'cache-atl6243-ATL',
277 silly get     'x-cache': 'HIT',
277 silly get     'x-cache-hits': '10',
277 silly get     'x-timer': 'S1473280146.735167,VS0,VE0',
277 silly get     vary: 'Accept-Encoding' } ]
278 verbose get saving inherits to C:\Users\sheli\AppData\Roaming\npm-cache\registry.npmjs.org\inherits\.cache.json
279 verbose correctMkdir C:\Users\sheli\AppData\Roaming\npm-cache correctMkdir not in flight; initializing
280 silly mapToRegistry name inherits
281 silly mapToRegistry using default registry
282 silly mapToRegistry registry https://registry.npmjs.org/
283 silly mapToRegistry data Result {
283 silly mapToRegistry   raw: 'inherits',
283 silly mapToRegistry   scope: null,
283 silly mapToRegistry   name: 'inherits',
283 silly mapToRegistry   rawSpec: '',
283 silly mapToRegistry   spec: 'latest',
283 silly mapToRegistry   type: 'tag' }
284 silly mapToRegistry uri https://registry.npmjs.org/inherits
285 verbose addRemoteTarball https://registry.npmjs.org/inherits/-/inherits-2.0.1.tgz not in flight; adding
286 verbose addRemoteTarball [ 'https://registry.npmjs.org/inherits/-/inherits-2.0.1.tgz',
286 verbose addRemoteTarball   'b17d08d326b4423e568eff719f91b0b1cbdf69f1' ]
287 info retry fetch attempt 1 at 4:29:14 PM
288 info attempt registry request try #1 at 4:29:14 PM
289 http fetch GET https://registry.npmjs.org/inherits/-/inherits-2.0.1.tgz
290 http fetch 200 https://registry.npmjs.org/inherits/-/inherits-2.0.1.tgz
291 silly fetchAndShaCheck shasum b17d08d326b4423e568eff719f91b0b1cbdf69f1
292 verbose addTmpTarball C:\Users\sheli\AppData\Local\Temp\npm-7316-8a8b3836\registry.npmjs.org\inherits\-\inherits-2.0.1.tgz not in flight; adding
293 verbose addTmpTarball already have metadata; skipping unpack for inherits@2.0.1
294 verbose correctMkdir C:\Users\sheli\AppData\Roaming\npm-cache correctMkdir not in flight; initializing
295 silly cache afterAdd inherits@2.0.1
296 verbose afterAdd C:\Users\sheli\AppData\Roaming\npm-cache\inherits\2.0.1\package\package.json not in flight; writing
297 verbose correctMkdir C:\Users\sheli\AppData\Roaming\npm-cache correctMkdir not in flight; initializing
298 verbose afterAdd C:\Users\sheli\AppData\Roaming\npm-cache\inherits\2.0.1\package\package.json written
299 silly install resolved [ { name: 'inherits',
299 silly install resolved     description: 'Browser-friendly inheritance fully compatible with standard node.js inherits()',
299 silly install resolved     version: '2.0.1',
299 silly install resolved     keywords:
299 silly install resolved      [ 'inheritance',
299 silly install resolved        'class',
299 silly install resolved        'klass',
299 silly install resolved        'oop',
299 silly install resolved        'object-oriented',
299 silly install resolved        'inherits',
299 silly install resolved        'browser',
299 silly install resolved        'browserify' ],
299 silly install resolved     main: './inherits.js',
299 silly install resolved     browser: './inherits_browser.js',
299 silly install resolved     repository: { type: 'git', url: 'git://github.com/isaacs/inherits' },
299 silly install resolved     license: 'ISC',
299 silly install resolved     scripts: { test: 'node test' },
299 silly install resolved     bugs: { url: 'https://github.com/isaacs/inherits/issues' },
299 silly install resolved     _id: 'inherits@2.0.1',
299 silly install resolved     dist:
299 silly install resolved      { shasum: 'b17d08d326b4423e568eff719f91b0b1cbdf69f1',
299 silly install resolved        tarball: 'https://registry.npmjs.org/inherits/-/inherits-2.0.1.tgz' },
299 silly install resolved     _from: 'inherits@2.0.1',
299 silly install resolved     _npmVersion: '1.3.8',
299 silly install resolved     _npmUser: { name: 'isaacs', email: 'i@izs.me' },
299 silly install resolved     maintainers: [ [Object] ],
299 silly install resolved     directories: {},
299 silly install resolved     _shasum: 'b17d08d326b4423e568eff719f91b0b1cbdf69f1',
299 silly install resolved     _resolved: 'https://registry.npmjs.org/inherits/-/inherits-2.0.1.tgz' } ]
300 info install inherits@2.0.1 into C:\Users\sheli\desktop\bootcamp\final-project-sg\up2measure\node_modules\path\node_modules\util
301 info installOne inherits@2.0.1
302 verbose installOne of inherits to C:\Users\sheli\desktop\bootcamp\final-project-sg\up2measure\node_modules\path\node_modules\util not in flight; installing
303 verbose correctMkdir C:\Users\sheli\AppData\Roaming\npm-cache\_locks correctMkdir not in flight; initializing
304 verbose lock using C:\Users\sheli\AppData\Roaming\npm-cache\_locks\inherits-f84f5457c3415ab6.lock for C:\Users\sheli\desktop\bootcamp\final-project-sg\up2measure\node_modules\path\node_modules\util\node_modules\inherits
305 silly install write writing inherits 2.0.1 to C:\Users\sheli\desktop\bootcamp\final-project-sg\up2measure\node_modules\path\node_modules\util\node_modules\inherits
306 verbose unbuild node_modules\path\node_modules\util\node_modules\inherits
307 silly gentlyRm C:\Users\sheli\desktop\bootcamp\final-project-sg\up2measure\node_modules\path\node_modules\util\node_modules\inherits is being purged from base C:\Users\sheli\desktop\bootcamp\final-project-sg\up2measure
308 verbose gentlyRm don't care about contents; nuking C:\Users\sheli\desktop\bootcamp\final-project-sg\up2measure\node_modules\path\node_modules\util\node_modules\inherits
309 verbose tar unpack C:\Users\sheli\AppData\Roaming\npm-cache\inherits\2.0.1\package.tgz
310 verbose tar unpacking to C:\Users\sheli\desktop\bootcamp\final-project-sg\up2measure\node_modules\path\node_modules\util\node_modules\inherits
311 silly gentlyRm C:\Users\sheli\desktop\bootcamp\final-project-sg\up2measure\node_modules\path\node_modules\util\node_modules\inherits is being purged
312 verbose gentlyRm don't care about contents; nuking C:\Users\sheli\desktop\bootcamp\final-project-sg\up2measure\node_modules\path\node_modules\util\node_modules\inherits
313 silly gunzTarPerm modes [ '777', '666' ]
314 silly gunzTarPerm extractEntry package.json
315 silly gunzTarPerm modified mode [ 'package.json', 420, 438 ]
316 silly gunzTarPerm extractEntry README.md
317 silly gunzTarPerm modified mode [ 'README.md', 420, 438 ]
318 silly gunzTarPerm extractEntry LICENSE
319 silly gunzTarPerm modified mode [ 'LICENSE', 420, 438 ]
320 silly gunzTarPerm extractEntry inherits.js
321 silly gunzTarPerm modified mode [ 'inherits.js', 420, 438 ]
322 silly gunzTarPerm extractEntry inherits_browser.js
323 silly gunzTarPerm modified mode [ 'inherits_browser.js', 420, 438 ]
324 silly gunzTarPerm extractEntry test.js
325 silly gunzTarPerm modified mode [ 'test.js', 420, 438 ]
326 verbose write writing to C:\Users\sheli\desktop\bootcamp\final-project-sg\up2measure\node_modules\path\node_modules\util\node_modules\inherits\package.json
327 info preinstall inherits@2.0.1
328 verbose readDependencies loading dependencies from C:\Users\sheli\desktop\bootcamp\final-project-sg\up2measure\node_modules\path\node_modules\util\node_modules\inherits\package.json
329 verbose readDependencies loading dependencies from C:\Users\sheli\desktop\bootcamp\final-project-sg\up2measure\node_modules\path\node_modules\util\node_modules\inherits\package.json
330 silly install resolved []
331 verbose about to build C:\Users\sheli\desktop\bootcamp\final-project-sg\up2measure\node_modules\path\node_modules\util\node_modules\inherits
332 info build C:\Users\sheli\desktop\bootcamp\final-project-sg\up2measure\node_modules\path\node_modules\util\node_modules\inherits
333 info linkStuff inherits@2.0.1
334 silly linkStuff inherits@2.0.1 has C:\Users\sheli\desktop\bootcamp\final-project-sg\up2measure\node_modules\path\node_modules\util\node_modules as its parent node_modules
335 verbose linkBins inherits@2.0.1
336 verbose linkMans inherits@2.0.1
337 verbose rebuildBundles inherits@2.0.1
338 info install inherits@2.0.1
339 info postinstall inherits@2.0.1
340 verbose unlock done using C:\Users\sheli\AppData\Roaming\npm-cache\_locks\inherits-f84f5457c3415ab6.lock for C:\Users\sheli\desktop\bootcamp\final-project-sg\up2measure\node_modules\path\node_modules\util\node_modules\inherits
341 verbose about to build C:\Users\sheli\desktop\bootcamp\final-project-sg\up2measure\node_modules\path\node_modules\util
342 info build C:\Users\sheli\desktop\bootcamp\final-project-sg\up2measure\node_modules\path\node_modules\util
343 info linkStuff util@0.10.3
344 silly linkStuff util@0.10.3 has C:\Users\sheli\desktop\bootcamp\final-project-sg\up2measure\node_modules\path\node_modules as its parent node_modules
345 verbose linkBins util@0.10.3
346 verbose linkMans util@0.10.3
347 verbose rebuildBundles util@0.10.3
348 verbose rebuildBundles [ 'inherits' ]
349 info install util@0.10.3
350 info postinstall util@0.10.3
351 verbose unlock done using C:\Users\sheli\AppData\Roaming\npm-cache\_locks\util-324bd77e335678d0.lock for C:\Users\sheli\desktop\bootcamp\final-project-sg\up2measure\node_modules\path\node_modules\util
352 verbose about to build C:\Users\sheli\desktop\bootcamp\final-project-sg\up2measure\node_modules\path
353 info build C:\Users\sheli\desktop\bootcamp\final-project-sg\up2measure\node_modules\path
354 info linkStuff path@0.12.7
355 silly linkStuff path@0.12.7 has C:\Users\sheli\desktop\bootcamp\final-project-sg\up2measure\node_modules as its parent node_modules
356 verbose linkBins path@0.12.7
357 verbose linkMans path@0.12.7
358 verbose rebuildBundles path@0.12.7
359 verbose rebuildBundles [ 'process', 'util' ]
360 info install path@0.12.7
361 info postinstall path@0.12.7
362 verbose unlock done using C:\Users\sheli\AppData\Roaming\npm-cache\_locks\path-b717cd78acc3f51a.lock for C:\Users\sheli\desktop\bootcamp\final-project-sg\up2measure\node_modules\path
363 verbose validateInstall loading C:\Users\sheli\desktop\bootcamp\final-project-sg\up2measure\package.json for validation
364 verbose stack Error: The package react@15.3.1 does not satisfy its siblings' peerDependencies requirements!
364 verbose stack     at C:\Program Files\nodejs\node_modules\npm\lib\install.js:125:32
364 verbose stack     at C:\Program Files\nodejs\node_modules\npm\lib\install.js:268:7
364 verbose stack     at C:\Program Files\nodejs\node_modules\npm\node_modules\read-installed\read-installed.js:142:5
364 verbose stack     at C:\Program Files\nodejs\node_modules\npm\node_modules\read-installed\read-installed.js:263:14
364 verbose stack     at cb (C:\Program Files\nodejs\node_modules\npm\node_modules\slide\lib\async-map.js:47:24)
364 verbose stack     at C:\Program Files\nodejs\node_modules\npm\node_modules\read-installed\read-installed.js:263:14
364 verbose stack     at cb (C:\Program Files\nodejs\node_modules\npm\node_modules\slide\lib\async-map.js:47:24)
364 verbose stack     at C:\Program Files\nodejs\node_modules\npm\node_modules\read-installed\read-installed.js:263:14
364 verbose stack     at cb (C:\Program Files\nodejs\node_modules\npm\node_modules\slide\lib\async-map.js:47:24)
364 verbose stack     at C:\Program Files\nodejs\node_modules\npm\node_modules\read-installed\read-installed.js:263:14
365 verbose cwd C:\Users\sheli\desktop\bootcamp\final-project-sg\up2measure
366 error Windows_NT 10.0.10586
367 error argv "C:\\Program Files\\nodejs\\node.exe" "C:\\Program Files\\nodejs\\node_modules\\npm\\bin\\npm-cli.js" "install" "path"
368 error node v4.4.5
369 error npm  v2.15.5
370 error code EPEERINVALID
371 error peerinvalid The package react@15.3.1 does not satisfy its siblings' peerDependencies requirements!
371 error peerinvalid Peer literallycanvas@0.4.14 wants react@^0.14.6
371 error peerinvalid Peer react-dom@0.14.8 wants react@^0.14.8
371 error peerinvalid Peer react-router@2.6.1 wants react@^0.14.0 || ^15.0.0
372 verbose exit [ 1, true ]
